# JRE version: OpenJDK Runtime Environment Temurin-21.0.11+10 (21.0.11+10) (build 21.0.11+10-LTS)
# Java VM: OpenJDK 64-Bit Server VM Temurin-21.0.11+10 (21.0.11+10-LTS, mixed mode, sharing, tiered, compressed oops, compressed class ptrs, parallel gc, windows-amd64)
GC Precious Log:
 CardTable entry size: 512
 CPUs: 4 total, 4 available
 Memory: 12197M
 Large Page Support: Disabled
 NUMA Support: Disabled
 Compressed Oops: Enabled (32-bit)
 Alignments: Space 512K, Generation 512K, Heap 2M
 Heap Min Capacity: 100M
 Heap Initial Capacity: 100M
 Heap Max Capacity: 2G
 Pre-touch: Disabled
 Parallel Workers: 4
Heap:
 PSYoungGen      total 14848K, used 7204K [0x00000000d5580000, 0x00000000d6800000, 0x0000000100000000)
  eden space 13824K, 50% used [0x00000000d5580000,0x00000000d5c46728,0x00000000d6300000)
  from space 1024K, 26% used [0x00000000d6600000,0x00000000d6642cb8,0x00000000d6700000)
  to   space 512K, 0% used [0x00000000d6780000,0x00000000d6780000,0x00000000d6800000)
 ParOldGen       total 104448K, used 104390K [0x0000000080000000, 0x0000000086600000, 0x00000000d5580000)
  object space 104448K, 99% used [0x0000000080000000,0x00000000865f1870,0x0000000086600000)
 Metaspace       used 57439K, committed 58880K, reserved 1114112K
  class space    used 6122K, committed 6720K, reserved 1048576K
GC Heap History (20 events):
Event: 35.220 GC heap before
{Heap before GC invocations=60 (full 2):
 PSYoungGen      total 14336K, used 14212K [0x00000000d5580000, 0x00000000d6980000, 0x0000000100000000)
  eden space 13824K, 100% used [0x00000000d5580000,0x00000000d6300000,0x00000000d6300000)
  from space 512K, 75% used [0x00000000d6880000,0x00000000d68e12e0,0x00000000d6900000)
  to   space 512K, 0% used [0x00000000d6900000,0x00000000d6900000,0x00000000d6980000)
 ParOldGen       total 68608K, used 68500K [0x0000000080000000, 0x0000000084300000, 0x00000000d5580000)
  object space 68608K, 99% used [0x0000000080000000,0x00000000842e5178,0x0000000084300000)
 Metaspace       used 55493K, committed 56832K, reserved 1114112K
  class space    used 5916K, committed 6528K, reserved 1048576K
}
Event: 35.222 GC heap after
{Heap after GC invocations=60 (full 2):
 PSYoungGen      total 14336K, used 384K [0x00000000d5580000, 0x00000000d6980000, 0x0000000100000000)
  eden space 13824K, 0% used [0x00000000d5580000,0x00000000d5580000,0x00000000d6300000)
  from space 512K, 75% used [0x00000000d6900000,0x00000000d6960150,0x00000000d6980000)
  to   space 512K, 0% used [0x00000000d6880000,0x00000000d6880000,0x00000000d6900000)
 ParOldGen       total 69120K, used 68670K [0x0000000080000000, 0x0000000084380000, 0x00000000d5580000)
  object space 69120K, 99% used [0x0000000080000000,0x000000008430fa40,0x0000000084380000)
 Metaspace       used 55493K, committed 56832K, reserved 1114112K
  class space    used 5916K, committed 6528K, reserved 1048576K
}
Event: 35.297 GC heap before
{Heap before GC invocations=61 (full 2):
 PSYoungGen      total 14336K, used 14208K [0x00000000d5580000, 0x00000000d6980000, 0x0000000100000000)
  eden space 13824K, 100% used [0x00000000d5580000,0x00000000d6300000,0x00000000d6300000)
  from space 512K, 75% used [0x00000000d6900000,0x00000000d6960150,0x00000000d6980000)
  to   space 512K, 0% used [0x00000000d6880000,0x00000000d6880000,0x00000000d6900000)
 ParOldGen       total 69120K, used 68670K [0x0000000080000000, 0x0000000084380000, 0x00000000d5580000)
  object space 69120K, 99% used [0x0000000080000000,0x000000008430fa40,0x0000000084380000)
 Metaspace       used 55624K, committed 56960K, reserved 1114112K
  class space    used 5941K, committed 6528K, reserved 1048576K
}
Event: 35.299 GC heap after
{Heap after GC invocations=61 (full 2):
 PSYoungGen      total 14336K, used 491K [0x00000000d5580000, 0x00000000d6980000, 0x0000000100000000)
  eden space 13824K, 0% used [0x00000000d5580000,0x00000000d5580000,0x00000000d6300000)
  from space 512K, 96% used [0x00000000d6880000,0x00000000d68faec8,0x00000000d6900000)
  to   space 512K, 0% used [0x00000000d6900000,0x00000000d6900000,0x00000000d6980000)
 ParOldGen       total 69120K, used 69114K [0x0000000080000000, 0x0000000084380000, 0x00000000d5580000)
  object space 69120K, 99% used [0x0000000080000000,0x000000008437ea50,0x0000000084380000)
 Metaspace       used 55624K, committed 56960K, reserved 1114112K
  class space    used 5941K, committed 6528K, reserved 1048576K
}
Event: 35.407 GC heap before
{Heap before GC invocations=62 (full 2):
 PSYoungGen      total 14336K, used 14315K [0x00000000d5580000, 0x00000000d6980000, 0x0000000100000000)
  eden space 13824K, 100% used [0x00000000d5580000,0x00000000d6300000,0x00000000d6300000)
  from space 512K, 96% used [0x00000000d6880000,0x00000000d68faec8,0x00000000d6900000)
  to   space 512K, 0% used [0x00000000d6900000,0x00000000d6900000,0x00000000d6980000)
 ParOldGen       total 69120K, used 69114K [0x0000000080000000, 0x0000000084380000, 0x00000000d5580000)
  object space 69120K, 99% used [0x0000000080000000,0x000000008437ea50,0x0000000084380000)
 Metaspace       used 55924K, committed 57344K, reserved 1114112K
  class space    used 5992K, committed 6592K, reserved 1048576K
}
Event: 35.412 GC heap after
{Heap after GC invocations=62 (full 2):
 PSYoungGen      total 14336K, used 506K [0x00000000d5580000, 0x00000000d6980000, 0x0000000100000000)
  eden space 13824K, 0% used [0x00000000d5580000,0x00000000d5580000,0x00000000d6300000)
  from space 512K, 98% used [0x00000000d6900000,0x00000000d697e900,0x00000000d6980000)
  to   space 1536K, 0% used [0x00000000d6680000,0x00000000d6680000,0x00000000d6800000)
 ParOldGen       total 70144K, used 69766K [0x0000000080000000, 0x0000000084480000, 0x00000000d5580000)
  object space 70144K, 99% used [0x0000000080000000,0x0000000084421a60,0x0000000084480000)
 Metaspace       used 55924K, committed 57344K, reserved 1114112K
  class space    used 5992K, committed 6592K, reserved 1048576K
}
Event: 35.850 GC heap before
{Heap before GC invocations=63 (full 2):
 PSYoungGen      total 14336K, used 14330K [0x00000000d5580000, 0x00000000d6980000, 0x0000000100000000)
  eden space 13824K, 100% used [0x00000000d5580000,0x00000000d6300000,0x00000000d6300000)
  from space 512K, 98% used [0x00000000d6900000,0x00000000d697e900,0x00000000d6980000)
  to   space 1536K, 0% used [0x00000000d6680000,0x00000000d6680000,0x00000000d6800000)
 ParOldGen       total 70144K, used 69766K [0x0000000080000000, 0x0000000084480000, 0x00000000d5580000)
  object space 70144K, 99% used [0x0000000080000000,0x0000000084421a60,0x0000000084480000)
 Metaspace       used 56005K, committed 57408K, reserved 1114112K
  class space    used 5994K, committed 6592K, reserved 1048576K
}
Event: 35.852 GC heap after
{Heap after GC invocations=63 (full 2):
 PSYoungGen      total 15360K, used 704K [0x00000000d5580000, 0x00000000d6980000, 0x0000000100000000)
  eden space 13824K, 0% used [0x00000000d5580000,0x00000000d5580000,0x00000000d6300000)
  from space 1536K, 45% used [0x00000000d6680000,0x00000000d6730000,0x00000000d6800000)
  to   space 1024K, 0% used [0x00000000d6880000,0x00000000d6880000,0x00000000d6980000)
 ParOldGen       total 70656K, used 70255K [0x0000000080000000, 0x0000000084500000, 0x00000000d5580000)
  object space 70656K, 99% used [0x0000000080000000,0x000000008449bc70,0x0000000084500000)
 Metaspace       used 56005K, committed 57408K, reserved 1114112K
  class space    used 5994K, committed 6592K, reserved 1048576K
}
Event: 35.991 GC heap before
{Heap before GC invocations=64 (full 2):
 PSYoungGen      total 15360K, used 14528K [0x00000000d5580000, 0x00000000d6980000, 0x0000000100000000)
  eden space 13824K, 100% used [0x00000000d5580000,0x00000000d6300000,0x00000000d6300000)
  from space 1536K, 45% used [0x00000000d6680000,0x00000000d6730000,0x00000000d6800000)
  to   space 1024K, 0% used [0x00000000d6880000,0x00000000d6880000,0x00000000d6980000)
 ParOldGen       total 70656K, used 70255K [0x0000000080000000, 0x0000000084500000, 0x00000000d5580000)
  object space 70656K, 99% used [0x0000000080000000,0x000000008449bc70,0x0000000084500000)
 Metaspace       used 56172K, committed 57664K, reserved 1114112K
  class space    used 6014K, committed 6656K, reserved 1048576K
}
Event: 35.993 GC heap after
{Heap after GC invocations=64 (full 2):
 PSYoungGen      total 14848K, used 1015K [0x00000000d5580000, 0x00000000d6980000, 0x0000000100000000)
  eden space 13824K, 0% used [0x00000000d5580000,0x00000000d5580000,0x00000000d6300000)
  from space 1024K, 99% used [0x00000000d6880000,0x00000000d697dc20,0x00000000d6980000)
  to   space 2048K, 0% used [0x00000000d6580000,0x00000000d6580000,0x00000000d6780000)
 ParOldGen       total 71168K, used 71055K [0x0000000080000000, 0x0000000084580000, 0x00000000d5580000)
  object space 71168K, 99% used [0x0000000080000000,0x0000000084563c70,0x0000000084580000)
 Metaspace       used 56172K, committed 57664K, reserved 1114112K
  class space    used 6014K, committed 6656K, reserved 1048576K
}
Event: 36.143 GC heap before
{Heap before GC invocations=65 (full 2):
 PSYoungGen      total 14848K, used 14839K [0x00000000d5580000, 0x00000000d6980000, 0x0000000100000000)
  eden space 13824K, 100% used [0x00000000d5580000,0x00000000d6300000,0x00000000d6300000)
  from space 1024K, 99% used [0x00000000d6880000,0x00000000d697dc20,0x00000000d6980000)
  to   space 2048K, 0% used [0x00000000d6580000,0x00000000d6580000,0x00000000d6780000)
 ParOldGen       total 71168K, used 71055K [0x0000000080000000, 0x0000000084580000, 0x00000000d5580000)
  object space 71168K, 99% used [0x0000000080000000,0x0000000084563c70,0x0000000084580000)
 Metaspace       used 56321K, committed 57792K, reserved 1114112K
  class space    used 6033K, committed 6656K, reserved 1048576K
}
Event: 36.145 GC heap after
{Heap after GC invocations=65 (full 2):
 PSYoungGen      total 15872K, used 864K [0x00000000d5580000, 0x00000000d6900000, 0x0000000100000000)
  eden space 13824K, 0% used [0x00000000d5580000,0x00000000d5580000,0x00000000d6300000)
  from space 2048K, 42% used [0x00000000d6580000,0x00000000d6658000,0x00000000d6780000)
  to   space 1536K, 0% used [0x00000000d6780000,0x00000000d6780000,0x00000000d6900000)
 ParOldGen       total 72192K, used 72031K [0x0000000080000000, 0x0000000084680000, 0x00000000d5580000)
  object space 72192K, 99% used [0x0000000080000000,0x0000000084657dd0,0x0000000084680000)
 Metaspace       used 56321K, committed 57792K, reserved 1114112K
  class space    used 6033K, committed 6656K, reserved 1048576K
}
Event: 36.253 GC heap before
{Heap before GC invocations=66 (full 2):
 PSYoungGen      total 15872K, used 14688K [0x00000000d5580000, 0x00000000d6900000, 0x0000000100000000)
  eden space 13824K, 100% used [0x00000000d5580000,0x00000000d6300000,0x00000000d6300000)
  from space 2048K, 42% used [0x00000000d6580000,0x00000000d6658000,0x00000000d6780000)
  to   space 1536K, 0% used [0x00000000d6780000,0x00000000d6780000,0x00000000d6900000)
 ParOldGen       total 103936K, used 102751K [0x0000000080000000, 0x0000000086580000, 0x00000000d5580000)
  object space 103936K, 98% used [0x0000000080000000,0x0000000086457e00,0x0000000086580000)
 Metaspace       used 56652K, committed 58176K, reserved 1114112K
  class space    used 6063K, committed 6720K, reserved 1048576K
}
Event: 36.256 GC heap after
{Heap after GC invocations=66 (full 2):
 PSYoungGen      total 14848K, used 549K [0x00000000d5580000, 0x00000000d6880000, 0x0000000100000000)
  eden space 13824K, 0% used [0x00000000d5580000,0x00000000d5580000,0x00000000d6300000)
  from space 1024K, 53% used [0x00000000d6780000,0x00000000d6809440,0x00000000d6880000)
  to   space 1024K, 0% used [0x00000000d6680000,0x00000000d6680000,0x00000000d6780000)
 ParOldGen       total 103936K, used 103527K [0x0000000080000000, 0x0000000086580000, 0x00000000d5580000)
  object space 103936K, 99% used [0x0000000080000000,0x0000000086519e10,0x0000000086580000)
 Metaspace       used 56652K, committed 58176K, reserved 1114112K
  class space    used 6063K, committed 6720K, reserved 1048576K
}
Event: 36.392 GC heap before
{Heap before GC invocations=67 (full 2):
 PSYoungGen      total 14848K, used 14373K [0x00000000d5580000, 0x00000000d6880000, 0x0000000100000000)
  eden space 13824K, 100% used [0x00000000d5580000,0x00000000d6300000,0x00000000d6300000)
  from space 1024K, 53% used [0x00000000d6780000,0x00000000d6809440,0x00000000d6880000)
  to   space 1024K, 0% used [0x00000000d6680000,0x00000000d6680000,0x00000000d6780000)
 ParOldGen       total 103936K, used 103527K [0x0000000080000000, 0x0000000086580000, 0x00000000d5580000)
  object space 103936K, 99% used [0x0000000080000000,0x0000000086519e10,0x0000000086580000)
 Metaspace       used 56724K, committed 58176K, reserved 1114112K
  class space    used 6069K, committed 6720K, reserved 1048576K
}
Event: 36.394 GC heap after
{Heap after GC invocations=67 (full 2):
 PSYoungGen      total 14848K, used 288K [0x00000000d5580000, 0x00000000d6800000, 0x0000000100000000)
  eden space 13824K, 0% used [0x00000000d5580000,0x00000000d5580000,0x00000000d6300000)
  from space 1024K, 28% used [0x00000000d6680000,0x00000000d66c8000,0x00000000d6780000)
  to   space 512K, 0% used [0x00000000d6780000,0x00000000d6780000,0x00000000d6800000)
 ParOldGen       total 103936K, used 103918K [0x0000000080000000, 0x0000000086580000, 0x00000000d5580000)
  object space 103936K, 99% used [0x0000000080000000,0x000000008657b870,0x0000000086580000)
 Metaspace       used 56724K, committed 58176K, reserved 1114112K
  class space    used 6069K, committed 6720K, reserved 1048576K
}
Event: 36.530 GC heap before
{Heap before GC invocations=68 (full 2):
 PSYoungGen      total 14848K, used 14112K [0x00000000d5580000, 0x00000000d6800000, 0x0000000100000000)
  eden space 13824K, 100% used [0x00000000d5580000,0x00000000d6300000,0x00000000d6300000)
  from space 1024K, 28% used [0x00000000d6680000,0x00000000d66c8000,0x00000000d6780000)
  to   space 512K, 0% used [0x00000000d6780000,0x00000000d6780000,0x00000000d6800000)
 ParOldGen       total 103936K, used 103918K [0x0000000080000000, 0x0000000086580000, 0x00000000d5580000)
  object space 103936K, 99% used [0x0000000080000000,0x000000008657b870,0x0000000086580000)
 Metaspace       used 56767K, committed 58240K, reserved 1114112K
  class space    used 6074K, committed 6720K, reserved 1048576K
}
Event: 36.532 GC heap after
{Heap after GC invocations=68 (full 2):
 PSYoungGen      total 14336K, used 482K [0x00000000d5580000, 0x00000000d6800000, 0x0000000100000000)
  eden space 13824K, 0% used [0x00000000d5580000,0x00000000d5580000,0x00000000d6300000)
  from space 512K, 94% used [0x00000000d6780000,0x00000000d67f8818,0x00000000d6800000)
  to   space 1024K, 0% used [0x00000000d6600000,0x00000000d6600000,0x00000000d6700000)
 ParOldGen       total 104448K, used 104150K [0x0000000080000000, 0x0000000086600000, 0x00000000d5580000)
  object space 104448K, 99% used [0x0000000080000000,0x00000000865b5870,0x0000000086600000)
 Metaspace       used 56767K, committed 58240K, reserved 1114112K
  class space    used 6074K, committed 6720K, reserved 1048576K
}
Event: 36.728 GC heap before
{Heap before GC invocations=69 (full 2):
 PSYoungGen      total 14336K, used 14282K [0x00000000d5580000, 0x00000000d6800000, 0x0000000100000000)
  eden space 13824K, 99% used [0x00000000d5580000,0x00000000d62fa348,0x00000000d6300000)
  from space 512K, 94% used [0x00000000d6780000,0x00000000d67f8818,0x00000000d6800000)
  to   space 1024K, 0% used [0x00000000d6600000,0x00000000d6600000,0x00000000d6700000)
 ParOldGen       total 104448K, used 104150K [0x0000000080000000, 0x0000000086600000, 0x00000000d5580000)
  object space 104448K, 99% used [0x0000000080000000,0x00000000865b5870,0x0000000086600000)
 Metaspace       used 56819K, committed 58240K, reserved 1114112K
  class space    used 6077K, committed 6720K, reserved 1048576K
}
Event: 36.730 GC heap after
{Heap after GC invocations=69 (full 2):
 PSYoungGen      total 14848K, used 267K [0x00000000d5580000, 0x00000000d6800000, 0x0000000100000000)
  eden space 13824K, 0% used [0x00000000d5580000,0x00000000d5580000,0x00000000d6300000)
  from space 1024K, 26% used [0x00000000d6600000,0x00000000d6642cb8,0x00000000d6700000)
  to   space 512K, 0% used [0x00000000d6780000,0x00000000d6780000,0x00000000d6800000)
 ParOldGen       total 104448K, used 104390K [0x0000000080000000, 0x0000000086600000, 0x00000000d5580000)
  object space 104448K, 99% used [0x0000000080000000,0x00000000865f1870,0x0000000086600000)
 Metaspace       used 56819K, committed 58240K, reserved 1114112K
  class space    used 6077K, committed 6720K, reserved 1048576K
}

